<?xml version="1.0" encoding="UTF-8"?>
<testng-results skipped="0" failed="0" ignored="0" total="1" passed="1">
  <reporter-output>
  </reporter-output>
  <suite name="Suite" duration-ms="8542" started-at="2020-08-11T14:36:32 IST" finished-at="2020-08-11T14:36:41 IST">
    <groups>
    </groups>
    <test name="Test" duration-ms="8542" started-at="2020-08-11T14:36:32 IST" finished-at="2020-08-11T14:36:41 IST">
      <class name="fbproject.LaunchBrowserWD">
        <test-method status="PASS" signature="browserLaunch()[pri:0, instance:fbproject.LaunchBrowserWD@627551fb]" name="browserLaunch" duration-ms="8482" started-at="2020-08-11T14:36:32 IST" finished-at="2020-08-11T14:36:41 IST">
          <reporter-output>
          </reporter-output>
        </test-method> <!-- browserLaunch -->
      </class> <!-- fbproject.LaunchBrowserWD -->
    </test> <!-- Test -->
  </suite> <!-- Suite -->
</testng-results>
